# JRE version: OpenJDK Runtime Environment (11.0.10) (build 11.0.10+0-b96-7249189)
# Java VM: OpenJDK 64-Bit Server VM (11.0.10+0-b96-7249189, mixed mode, tiered, compressed oops, g1 gc, windows-amd64)
Heap:
 garbage-first heap   total 253952K, used 67701K [0x0000000080000000, 0x0000000100000000)
  region size 1024K, 52 young (53248K), 2 survivors (2048K)
 Metaspace       used 28071K, capacity 28704K, committed 28800K, reserved 1075200K
  class space    used 3711K, capacity 3932K, committed 3968K, reserved 1048576K
GC Heap History (6 events):
Event: 0.536 GC heap before
{Heap before GC invocations=0 (full 0):
 garbage-first heap   total 253952K, used 29696K [0x0000000080000000, 0x0000000100000000)
  region size 1024K, 24 young (24576K), 0 survivors (0K)
 Metaspace       used 10228K, capacity 10398K, committed 10624K, reserved 1058816K
  class space    used 1058K, capacity 1107K, committed 1152K, reserved 1048576K
}
Event: 0.540 GC heap after
{Heap after GC invocations=1 (full 0):
 garbage-first heap   total 253952K, used 9259K [0x0000000080000000, 0x0000000100000000)
  region size 1024K, 3 young (3072K), 3 survivors (3072K)
 Metaspace       used 10228K, capacity 10398K, committed 10624K, reserved 1058816K
  class space    used 1058K, capacity 1107K, committed 1152K, reserved 1048576K
}
Event: 2.139 GC heap before
{Heap before GC invocations=1 (full 0):
 garbage-first heap   total 253952K, used 107563K [0x0000000080000000, 0x0000000100000000)
  region size 1024K, 99 young (101376K), 3 survivors (3072K)
 Metaspace       used 20621K, capacity 21097K, committed 21248K, reserved 1067008K
  class space    used 2503K, capacity 2689K, committed 2816K, reserved 1048576K
}
Event: 2.149 GC heap after
{Heap after GC invocations=2 (full 0):
 garbage-first heap   total 253952K, used 16747K [0x0000000080000000, 0x0000000100000000)
  region size 1024K, 11 young (11264K), 11 survivors (11264K)
 Metaspace       used 20621K, capacity 21097K, committed 21248K, reserved 1067008K
  class space    used 2503K, capacity 2689K, committed 2816K, reserved 1048576K
}
Event: 2.381 GC heap before
{Heap before GC invocations=3 (full 0):
 garbage-first heap   total 253952K, used 44395K [0x0000000080000000, 0x0000000100000000)
  region size 1024K, 38 young (38912K), 11 survivors (11264K)
 Metaspace       used 23257K, capacity 23873K, committed 23936K, reserved 1071104K
  class space    used 2937K, capacity 3149K, committed 3200K, reserved 1048576K
}
Event: 2.387 GC heap after
{Heap after GC invocations=4 (full 0):
 garbage-first heap   total 253952K, used 17525K [0x0000000080000000, 0x0000000100000000)
  region size 1024K, 2 young (2048K), 2 survivors (2048K)
 Metaspace       used 23257K, capacity 23873K, committed 23936K, reserved 1071104K
  class space    used 2937K, capacity 3149K, committed 3200K, reserved 1048576K
}

