# JRE version: OpenJDK Runtime Environment (11.0.10) (build 11.0.10+0-b96-7249189)
# Java VM: OpenJDK 64-Bit Server VM (11.0.10+0-b96-7249189, mixed mode, tiered, compressed oops, g1 gc, windows-amd64)
Heap:
 garbage-first heap   total 253952K, used 97960K [0x0000000080000000, 0x0000000100000000)
  region size 1024K, 21 young (21504K), 10 survivors (10240K)
 Metaspace       used 88540K, capacity 91140K, committed 91392K, reserved 1128448K
  class space    used 11528K, capacity 12496K, committed 12544K, reserved 1048576K
GC Heap History (20 events):
Event: 3.383 GC heap before
{Heap before GC invocations=4 (full 0):
 garbage-first heap   total 253952K, used 87727K [0x0000000080000000, 0x0000000100000000)
  region size 1024K, 72 young (73728K), 3 survivors (3072K)
 Metaspace       used 35056K, capacity 35809K, committed 35840K, reserved 1081344K
  class space    used 4533K, capacity 4833K, committed 4864K, reserved 1048576K
}
Event: 3.391 GC heap after
{Heap after GC invocations=5 (full 0):
 garbage-first heap   total 253952K, used 22065K [0x0000000080000000, 0x0000000100000000)
  region size 1024K, 6 young (6144K), 6 survivors (6144K)
 Metaspace       used 35056K, capacity 35809K, committed 35840K, reserved 1081344K
  class space    used 4533K, capacity 4833K, committed 4864K, reserved 1048576K
}
Event: 4.647 GC heap before
{Heap before GC invocations=6 (full 0):
 garbage-first heap   total 253952K, used 136753K [0x0000000080000000, 0x0000000100000000)
  region size 1024K, 115 young (117760K), 6 survivors (6144K)
 Metaspace       used 44109K, capacity 45175K, committed 45440K, reserved 1089536K
  class space    used 5639K, capacity 6004K, committed 6016K, reserved 1048576K
}
Event: 4.654 GC heap after
{Heap after GC invocations=7 (full 0):
 garbage-first heap   total 253952K, used 28119K [0x0000000080000000, 0x0000000100000000)
  region size 1024K, 12 young (12288K), 12 survivors (12288K)
 Metaspace       used 44109K, capacity 45175K, committed 45440K, reserved 1089536K
  class space    used 5639K, capacity 6004K, committed 6016K, reserved 1048576K
}
Event: 5.997 GC heap before
{Heap before GC invocations=7 (full 0):
 garbage-first heap   total 253952K, used 158167K [0x0000000080000000, 0x0000000100000000)
  region size 1024K, 132 young (135168K), 12 survivors (12288K)
 Metaspace       used 54159K, capacity 55655K, committed 55808K, reserved 1097728K
  class space    used 6858K, capacity 7402K, committed 7424K, reserved 1048576K
}
Event: 6.009 GC heap after
{Heap after GC invocations=8 (full 0):
 garbage-first heap   total 253952K, used 47989K [0x0000000080000000, 0x0000000100000000)
  region size 1024K, 17 young (17408K), 17 survivors (17408K)
 Metaspace       used 54159K, capacity 55655K, committed 55808K, reserved 1097728K
  class space    used 6858K, capacity 7402K, committed 7424K, reserved 1048576K
}
Event: 6.369 GC heap before
{Heap before GC invocations=8 (full 0):
 garbage-first heap   total 253952K, used 77685K [0x0000000080000000, 0x0000000100000000)
  region size 1024K, 47 young (48128K), 17 survivors (17408K)
 Metaspace       used 58594K, capacity 60117K, committed 60160K, reserved 1101824K
  class space    used 7417K, capacity 8033K, committed 8064K, reserved 1048576K
}
Event: 6.382 GC heap after
{Heap after GC invocations=9 (full 0):
 garbage-first heap   total 253952K, used 50977K [0x0000000080000000, 0x0000000100000000)
  region size 1024K, 3 young (3072K), 3 survivors (3072K)
 Metaspace       used 58594K, capacity 60117K, committed 60160K, reserved 1101824K
  class space    used 7417K, capacity 8033K, committed 8064K, reserved 1048576K
}
Event: 7.341 GC heap before
{Heap before GC invocations=10 (full 0):
 garbage-first heap   total 253952K, used 142113K [0x0000000080000000, 0x0000000100000000)
  region size 1024K, 92 young (94208K), 3 survivors (3072K)
 Metaspace       used 66176K, capacity 67827K, committed 67968K, reserved 1107968K
  class space    used 8353K, capacity 8961K, committed 9088K, reserved 1048576K
}
Event: 7.352 GC heap after
{Heap after GC invocations=11 (full 0):
 garbage-first heap   total 253952K, used 56160K [0x0000000080000000, 0x0000000100000000)
  region size 1024K, 8 young (8192K), 8 survivors (8192K)
 Metaspace       used 66176K, capacity 67827K, committed 67968K, reserved 1107968K
  class space    used 8353K, capacity 8961K, committed 9088K, reserved 1048576K
}
Event: 8.456 GC heap before
{Heap before GC invocations=12 (full 0):
 garbage-first heap   total 253952K, used 152416K [0x0000000080000000, 0x0000000100000000)
  region size 1024K, 102 young (104448K), 8 survivors (8192K)
 Metaspace       used 72548K, capacity 74216K, committed 74496K, reserved 1114112K
  class space    used 9306K, capacity 9911K, committed 9984K, reserved 1048576K
}
Event: 8.466 GC heap after
{Heap after GC invocations=13 (full 0):
 garbage-first heap   total 253952K, used 63035K [0x0000000080000000, 0x0000000100000000)
  region size 1024K, 13 young (13312K), 13 survivors (13312K)
 Metaspace       used 72548K, capacity 74216K, committed 74496K, reserved 1114112K
  class space    used 9306K, capacity 9911K, committed 9984K, reserved 1048576K
}
Event: 9.673 GC heap before
{Heap before GC invocations=13 (full 0):
 garbage-first heap   total 253952K, used 161339K [0x0000000080000000, 0x0000000100000000)
  region size 1024K, 109 young (111616K), 13 survivors (13312K)
 Metaspace       used 80491K, capacity 82337K, committed 82560K, reserved 1120256K
  class space    used 10398K, capacity 11059K, committed 11136K, reserved 1048576K
}
Event: 9.684 GC heap after
{Heap after GC invocations=14 (full 0):
 garbage-first heap   total 253952K, used 70527K [0x0000000080000000, 0x0000000100000000)
  region size 1024K, 14 young (14336K), 14 survivors (14336K)
 Metaspace       used 80491K, capacity 82337K, committed 82560K, reserved 1120256K
  class space    used 10398K, capacity 11059K, committed 11136K, reserved 1048576K
}
Event: 10.823 GC heap before
{Heap before GC invocations=14 (full 0):
 garbage-first heap   total 253952K, used 168831K [0x0000000080000000, 0x0000000100000000)
  region size 1024K, 111 young (113664K), 14 survivors (14336K)
 Metaspace       used 84609K, capacity 87098K, committed 87424K, reserved 1124352K
  class space    used 11080K, capacity 12066K, committed 12160K, reserved 1048576K
}
Event: 10.837 GC heap after
{Heap after GC invocations=15 (full 0):
 garbage-first heap   total 253952K, used 77979K [0x0000000080000000, 0x0000000100000000)
  region size 1024K, 14 young (14336K), 14 survivors (14336K)
 Metaspace       used 84609K, capacity 87098K, committed 87424K, reserved 1124352K
  class space    used 11080K, capacity 12066K, committed 12160K, reserved 1048576K
}
Event: 11.744 GC heap before
{Heap before GC invocations=15 (full 0):
 garbage-first heap   total 253952K, used 177307K [0x0000000080000000, 0x0000000100000000)
  region size 1024K, 112 young (114688K), 14 survivors (14336K)
 Metaspace       used 85336K, capacity 87978K, committed 88192K, reserved 1126400K
  class space    used 11133K, capacity 12123K, committed 12160K, reserved 1048576K
}
Event: 11.757 GC heap after
{Heap after GC invocations=16 (full 0):
 garbage-first heap   total 253952K, used 83492K [0x0000000080000000, 0x0000000100000000)
  region size 1024K, 13 young (13312K), 13 survivors (13312K)
 Metaspace       used 85336K, capacity 87978K, committed 88192K, reserved 1126400K
  class space    used 11133K, capacity 12123K, committed 12160K, reserved 1048576K
}
Event: 12.575 GC heap before
{Heap before GC invocations=16 (full 0):
 garbage-first heap   total 253952K, used 183844K [0x0000000080000000, 0x0000000100000000)
  region size 1024K, 112 young (114688K), 13 survivors (13312K)
 Metaspace       used 88172K, capacity 90776K, committed 90880K, reserved 1128448K
  class space    used 11480K, capacity 12460K, committed 12544K, reserved 1048576K
}
Event: 12.589 GC heap after
{Heap after GC invocations=17 (full 0):
 garbage-first heap   total 253952K, used 87720K [0x0000000080000000, 0x0000000100000000)
  region size 1024K, 10 young (10240K), 10 survivors (10240K)
 Metaspace       used 88172K, capacity 90776K, committed 90880K, reserved 1128448K
  class space    used 11480K, capacity 12460K, committed 12544K, reserved 1048576K
}

