# JRE version: OpenJDK Runtime Environment (11.0.10) (build 11.0.10+0-b96-7249189)
# Java VM: OpenJDK 64-Bit Server VM (11.0.10+0-b96-7249189, mixed mode, tiered, compressed oops, g1 gc, windows-amd64)
Heap:
 garbage-first heap   total 253952K, used 201424K [0x0000000080000000, 0x0000000100000000)
  region size 1024K, 111 young (113664K), 10 survivors (10240K)
 Metaspace       used 105206K, capacity 108618K, committed 108800K, reserved 1142784K
  class space    used 13760K, capacity 15061K, committed 15104K, reserved 1048576K
GC Heap History (20 events):
Event: 4.367 GC heap before
{Heap before GC invocations=7 (full 0):
 garbage-first heap   total 253952K, used 129153K [0x0000000080000000, 0x0000000100000000)
  region size 1024K, 107 young (109568K), 6 survivors (6144K)
 Metaspace       used 43633K, capacity 44693K, committed 44928K, reserved 1087488K
  class space    used 5555K, capacity 5929K, committed 6016K, reserved 1048576K
}
Event: 4.376 GC heap after
{Heap after GC invocations=8 (full 0):
 garbage-first heap   total 253952K, used 28473K [0x0000000080000000, 0x0000000100000000)
  region size 1024K, 12 young (12288K), 12 survivors (12288K)
 Metaspace       used 43633K, capacity 44693K, committed 44928K, reserved 1087488K
  class space    used 5555K, capacity 5929K, committed 6016K, reserved 1048576K
}
Event: 5.760 GC heap before
{Heap before GC invocations=8 (full 0):
 garbage-first heap   total 253952K, used 144185K [0x0000000080000000, 0x0000000100000000)
  region size 1024K, 117 young (119808K), 12 survivors (12288K)
 Metaspace       used 50768K, capacity 52151K, committed 52352K, reserved 1095680K
  class space    used 6447K, capacity 6963K, committed 7040K, reserved 1048576K
}
Event: 5.774 GC heap after
{Heap after GC invocations=9 (full 0):
 garbage-first heap   total 253952K, used 47704K [0x0000000080000000, 0x0000000100000000)
  region size 1024K, 15 young (15360K), 15 survivors (15360K)
 Metaspace       used 50768K, capacity 52151K, committed 52352K, reserved 1095680K
  class space    used 6447K, capacity 6963K, committed 7040K, reserved 1048576K
}
Event: 6.395 GC heap before
{Heap before GC invocations=9 (full 0):
 garbage-first heap   total 253952K, used 98904K [0x0000000080000000, 0x0000000100000000)
  region size 1024K, 66 young (67584K), 15 survivors (15360K)
 Metaspace       used 58500K, capacity 60111K, committed 60160K, reserved 1101824K
  class space    used 7415K, capacity 8034K, committed 8064K, reserved 1048576K
}
Event: 6.409 GC heap after
{Heap after GC invocations=10 (full 0):
 garbage-first heap   total 253952K, used 51200K [0x0000000080000000, 0x0000000100000000)
  region size 1024K, 3 young (3072K), 3 survivors (3072K)
 Metaspace       used 58500K, capacity 60111K, committed 60160K, reserved 1101824K
  class space    used 7415K, capacity 8034K, committed 8064K, reserved 1048576K
}
Event: 7.280 GC heap before
{Heap before GC invocations=11 (full 0):
 garbage-first heap   total 253952K, used 144384K [0x0000000080000000, 0x0000000100000000)
  region size 1024K, 94 young (96256K), 3 survivors (3072K)
 Metaspace       used 66174K, capacity 67824K, committed 67968K, reserved 1107968K
  class space    used 8360K, capacity 8963K, committed 9088K, reserved 1048576K
}
Event: 7.291 GC heap after
{Heap after GC invocations=12 (full 0):
 garbage-first heap   total 253952K, used 57017K [0x0000000080000000, 0x0000000100000000)
  region size 1024K, 9 young (9216K), 9 survivors (9216K)
 Metaspace       used 66174K, capacity 67824K, committed 67968K, reserved 1107968K
  class space    used 8360K, capacity 8963K, committed 9088K, reserved 1048576K
}
Event: 8.506 GC heap before
{Heap before GC invocations=13 (full 0):
 garbage-first heap   total 253952K, used 154297K [0x0000000080000000, 0x0000000100000000)
  region size 1024K, 104 young (106496K), 9 survivors (9216K)
 Metaspace       used 72618K, capacity 74282K, committed 74496K, reserved 1114112K
  class space    used 9326K, capacity 9916K, committed 9984K, reserved 1048576K
}
Event: 8.519 GC heap after
{Heap after GC invocations=14 (full 0):
 garbage-first heap   total 253952K, used 63912K [0x0000000080000000, 0x0000000100000000)
  region size 1024K, 13 young (13312K), 13 survivors (13312K)
 Metaspace       used 72618K, capacity 74282K, committed 74496K, reserved 1114112K
  class space    used 9326K, capacity 9916K, committed 9984K, reserved 1048576K
}
Event: 9.799 GC heap before
{Heap before GC invocations=14 (full 0):
 garbage-first heap   total 253952K, used 163240K [0x0000000080000000, 0x0000000100000000)
  region size 1024K, 110 young (112640K), 13 survivors (13312K)
 Metaspace       used 80595K, capacity 82454K, committed 82560K, reserved 1120256K
  class space    used 10415K, capacity 11055K, committed 11136K, reserved 1048576K
}
Event: 9.812 GC heap after
{Heap after GC invocations=15 (full 0):
 garbage-first heap   total 253952K, used 71662K [0x0000000080000000, 0x0000000100000000)
  region size 1024K, 14 young (14336K), 14 survivors (14336K)
 Metaspace       used 80595K, capacity 82454K, committed 82560K, reserved 1120256K
  class space    used 10415K, capacity 11055K, committed 11136K, reserved 1048576K
}
Event: 11.045 GC heap before
{Heap before GC invocations=15 (full 0):
 garbage-first heap   total 253952K, used 172014K [0x0000000080000000, 0x0000000100000000)
  region size 1024K, 112 young (114688K), 14 survivors (14336K)
 Metaspace       used 84653K, capacity 87205K, committed 87424K, reserved 1124352K
  class space    used 11091K, capacity 12079K, committed 12160K, reserved 1048576K
}
Event: 11.060 GC heap after
{Heap after GC invocations=16 (full 0):
 garbage-first heap   total 253952K, used 78782K [0x0000000080000000, 0x0000000100000000)
  region size 1024K, 14 young (14336K), 14 survivors (14336K)
 Metaspace       used 84653K, capacity 87205K, committed 87424K, reserved 1124352K
  class space    used 11091K, capacity 12079K, committed 12160K, reserved 1048576K
}
Event: 12.155 GC heap before
{Heap before GC invocations=16 (full 0):
 garbage-first heap   total 253952K, used 178110K [0x0000000080000000, 0x0000000100000000)
  region size 1024K, 112 young (114688K), 14 survivors (14336K)
 Metaspace       used 88086K, capacity 90690K, committed 90752K, reserved 1128448K
  class space    used 11424K, capacity 12402K, committed 12416K, reserved 1048576K
}
Event: 12.165 GC heap after
{Heap after GC invocations=17 (full 0):
 garbage-first heap   total 253952K, used 83041K [0x0000000080000000, 0x0000000100000000)
  region size 1024K, 11 young (11264K), 11 survivors (11264K)
 Metaspace       used 88086K, capacity 90690K, committed 90752K, reserved 1128448K
  class space    used 11424K, capacity 12402K, committed 12416K, reserved 1048576K
}
Event: 13.001 GC heap before
{Heap before GC invocations=17 (full 0):
 garbage-first heap   total 253952K, used 184417K [0x0000000080000000, 0x0000000100000000)
  region size 1024K, 111 young (113664K), 11 survivors (11264K)
 Metaspace       used 91431K, capacity 94041K, committed 94336K, reserved 1130496K
  class space    used 11859K, capacity 12833K, committed 12928K, reserved 1048576K
}
Event: 13.011 GC heap after
{Heap after GC invocations=18 (full 0):
 garbage-first heap   total 253952K, used 88314K [0x0000000080000000, 0x0000000100000000)
  region size 1024K, 10 young (10240K), 10 survivors (10240K)
 Metaspace       used 91431K, capacity 94041K, committed 94336K, reserved 1130496K
  class space    used 11859K, capacity 12833K, committed 12928K, reserved 1048576K
}
Event: 14.338 GC heap before
{Heap before GC invocations=18 (full 0):
 garbage-first heap   total 253952K, used 190714K [0x0000000080000000, 0x0000000100000000)
  region size 1024K, 111 young (113664K), 10 survivors (10240K)
 Metaspace       used 103616K, capacity 106779K, committed 106880K, reserved 1140736K
  class space    used 13636K, capacity 14890K, committed 14976K, reserved 1048576K
}
Event: 14.349 GC heap after
{Heap after GC invocations=19 (full 0):
 garbage-first heap   total 253952K, used 92880K [0x0000000080000000, 0x0000000100000000)
  region size 1024K, 10 young (10240K), 10 survivors (10240K)
 Metaspace       used 103616K, capacity 106779K, committed 106880K, reserved 1140736K
  class space    used 13636K, capacity 14890K, committed 14976K, reserved 1048576K
}

