# JRE version: OpenJDK Runtime Environment (11.0.10) (build 11.0.10+0-b96-7249189)
# Java VM: OpenJDK 64-Bit Server VM (11.0.10+0-b96-7249189, mixed mode, tiered, compressed oops, g1 gc, windows-amd64)
Heap:
 garbage-first heap   total 305152K, used 177378K [0x0000000080000000, 0x0000000100000000)
  region size 1024K, 6 young (6144K), 6 survivors (6144K)
 Metaspace       used 94943K, capacity 97287K, committed 98432K, reserved 1134592K
  class space    used 12388K, capacity 13258K, committed 13696K, reserved 1048576K
GC Heap History (20 events):
Event: 7.486 GC heap after
{Heap after GC invocations=9 (full 0):
 garbage-first heap   total 253952K, used 51546K [0x0000000080000000, 0x0000000100000000)
  region size 1024K, 3 young (3072K), 3 survivors (3072K)
 Metaspace       used 58568K, capacity 60080K, committed 60160K, reserved 1101824K
  class space    used 7410K, capacity 8023K, committed 8064K, reserved 1048576K
}
Event: 8.324 GC heap before
{Heap before GC invocations=10 (full 0):
 garbage-first heap   total 253952K, used 139610K [0x0000000080000000, 0x0000000100000000)
  region size 1024K, 89 young (91136K), 3 survivors (3072K)
 Metaspace       used 66159K, capacity 67784K, committed 67840K, reserved 1107968K
  class space    used 8347K, capacity 8949K, committed 8960K, reserved 1048576K
}
Event: 8.331 GC heap after
{Heap after GC invocations=11 (full 0):
 garbage-first heap   total 253952K, used 56111K [0x0000000080000000, 0x0000000100000000)
  region size 1024K, 8 young (8192K), 8 survivors (8192K)
 Metaspace       used 66159K, capacity 67784K, committed 67840K, reserved 1107968K
  class space    used 8347K, capacity 8949K, committed 8960K, reserved 1048576K
}
Event: 9.251 GC heap before
{Heap before GC invocations=12 (full 0):
 garbage-first heap   total 253952K, used 149295K [0x0000000080000000, 0x0000000100000000)
  region size 1024K, 99 young (101376K), 8 survivors (8192K)
 Metaspace       used 71985K, capacity 73610K, committed 73984K, reserved 1114112K
  class space    used 9237K, capacity 9862K, committed 9984K, reserved 1048576K
}
Event: 9.260 GC heap after
{Heap after GC invocations=13 (full 0):
 garbage-first heap   total 253952K, used 63066K [0x0000000080000000, 0x0000000100000000)
  region size 1024K, 13 young (13312K), 13 survivors (13312K)
 Metaspace       used 71985K, capacity 73610K, committed 73984K, reserved 1114112K
  class space    used 9237K, capacity 9862K, committed 9984K, reserved 1048576K
}
Event: 10.670 GC heap before
{Heap before GC invocations=13 (full 0):
 garbage-first heap   total 253952K, used 161370K [0x0000000080000000, 0x0000000100000000)
  region size 1024K, 109 young (111616K), 13 survivors (13312K)
 Metaspace       used 80330K, capacity 82183K, committed 82304K, reserved 1120256K
  class space    used 10376K, capacity 11051K, committed 11136K, reserved 1048576K
}
Event: 10.682 GC heap after
{Heap after GC invocations=14 (full 0):
 garbage-first heap   total 253952K, used 70207K [0x0000000080000000, 0x0000000100000000)
  region size 1024K, 14 young (14336K), 14 survivors (14336K)
 Metaspace       used 80330K, capacity 82183K, committed 82304K, reserved 1120256K
  class space    used 10376K, capacity 11051K, committed 11136K, reserved 1048576K
}
Event: 11.869 GC heap before
{Heap before GC invocations=14 (full 0):
 garbage-first heap   total 253952K, used 168511K [0x0000000080000000, 0x0000000100000000)
  region size 1024K, 111 young (113664K), 14 survivors (14336K)
 Metaspace       used 84537K, capacity 87019K, committed 87168K, reserved 1124352K
  class space    used 11068K, capacity 12045K, committed 12160K, reserved 1048576K
}
Event: 11.882 GC heap after
{Heap after GC invocations=15 (full 0):
 garbage-first heap   total 253952K, used 77690K [0x0000000080000000, 0x0000000100000000)
  region size 1024K, 14 young (14336K), 14 survivors (14336K)
 Metaspace       used 84537K, capacity 87019K, committed 87168K, reserved 1124352K
  class space    used 11068K, capacity 12045K, committed 12160K, reserved 1048576K
}
Event: 12.621 GC heap before
{Heap before GC invocations=15 (full 0):
 garbage-first heap   total 253952K, used 177018K [0x0000000080000000, 0x0000000100000000)
  region size 1024K, 112 young (114688K), 14 survivors (14336K)
 Metaspace       used 85338K, capacity 87899K, committed 88192K, reserved 1126400K
  class space    used 11127K, capacity 12102K, committed 12160K, reserved 1048576K
}
Event: 12.635 GC heap after
{Heap after GC invocations=16 (full 0):
 garbage-first heap   total 253952K, used 83327K [0x0000000080000000, 0x0000000100000000)
  region size 1024K, 13 young (13312K), 13 survivors (13312K)
 Metaspace       used 85338K, capacity 87899K, committed 88192K, reserved 1126400K
  class space    used 11127K, capacity 12102K, committed 12160K, reserved 1048576K
}
Event: 13.613 GC heap before
{Heap before GC invocations=16 (full 0):
 garbage-first heap   total 253952K, used 183679K [0x0000000080000000, 0x0000000100000000)
  region size 1024K, 112 young (114688K), 13 survivors (13312K)
 Metaspace       used 87815K, capacity 90382K, committed 90496K, reserved 1128448K
  class space    used 11418K, capacity 12398K, committed 12416K, reserved 1048576K
}
Event: 13.625 GC heap after
{Heap after GC invocations=17 (full 0):
 garbage-first heap   total 253952K, used 87698K [0x0000000080000000, 0x0000000100000000)
  region size 1024K, 11 young (11264K), 11 survivors (11264K)
 Metaspace       used 87815K, capacity 90382K, committed 90496K, reserved 1128448K
  class space    used 11418K, capacity 12398K, committed 12416K, reserved 1048576K
}
Event: 14.478 GC heap before
{Heap before GC invocations=17 (full 0):
 garbage-first heap   total 253952K, used 219794K [0x0000000080000000, 0x0000000100000000)
  region size 1024K, 111 young (113664K), 11 survivors (11264K)
 Metaspace       used 93421K, capacity 96090K, committed 96384K, reserved 1132544K
  class space    used 12136K, capacity 13127K, committed 13184K, reserved 1048576K
}
Event: 14.497 GC heap after
{Heap after GC invocations=18 (full 0):
 garbage-first heap   total 253952K, used 129707K [0x0000000080000000, 0x0000000100000000)
  region size 1024K, 14 young (14336K), 14 survivors (14336K)
 Metaspace       used 93421K, capacity 96090K, committed 96384K, reserved 1132544K
  class space    used 12136K, capacity 13127K, committed 13184K, reserved 1048576K
}
Event: 14.646 GC heap before
{Heap before GC invocations=18 (full 0):
 garbage-first heap   total 253952K, used 149163K [0x0000000080000000, 0x0000000100000000)
  region size 1024K, 35 young (35840K), 14 survivors (14336K)
 Metaspace       used 93424K, capacity 96090K, committed 96384K, reserved 1132544K
  class space    used 12136K, capacity 13127K, committed 13184K, reserved 1048576K
}
Event: 14.666 GC heap after
{Heap after GC invocations=19 (full 0):
 garbage-first heap   total 253952K, used 140383K [0x0000000080000000, 0x0000000100000000)
  region size 1024K, 10 young (10240K), 10 survivors (10240K)
 Metaspace       used 93424K, capacity 96090K, committed 96384K, reserved 1132544K
  class space    used 12136K, capacity 13127K, committed 13184K, reserved 1048576K
}
Event: 14.954 GC heap before
{Heap before GC invocations=20 (full 0):
 garbage-first heap   total 253952K, used 185439K [0x0000000080000000, 0x0000000100000000)
  region size 1024K, 53 young (54272K), 10 survivors (10240K)
 Metaspace       used 94904K, capacity 97284K, committed 98432K, reserved 1134592K
  class space    used 12388K, capacity 13258K, committed 13696K, reserved 1048576K
}
Event: 14.976 GC heap after
{Heap after GC invocations=21 (full 0):
 garbage-first heap   total 253952K, used 158241K [0x0000000080000000, 0x0000000100000000)
  region size 1024K, 7 young (7168K), 7 survivors (7168K)
 Metaspace       used 94904K, capacity 97284K, committed 98432K, reserved 1134592K
  class space    used 12388K, capacity 13258K, committed 13696K, reserved 1048576K
}
Event: 15.094 GC heap before
{Heap before GC invocations=21 (full 0):
 garbage-first heap   total 253952K, used 192033K [0x0000000080000000, 0x0000000100000000)
  region size 1024K, 41 young (41984K), 7 survivors (7168K)
 Metaspace       used 94943K, capacity 97287K, committed 98432K, reserved 1134592K
  class space    used 12388K, capacity 13258K, committed 13696K, reserved 1048576K
}

