# JRE version: OpenJDK Runtime Environment (11.0.10) (build 11.0.10+0-b96-7249189)
# Java VM: OpenJDK 64-Bit Server VM (11.0.10+0-b96-7249189, mixed mode, tiered, compressed oops, g1 gc, windows-amd64)
Heap:
 garbage-first heap   total 253952K, used 98650K [0x0000000080000000, 0x0000000100000000)
  region size 1024K, 82 young (83968K), 2 survivors (2048K)
 Metaspace       used 34096K, capacity 34842K, committed 34944K, reserved 1079296K
  class space    used 4413K, capacity 4681K, committed 4736K, reserved 1048576K
GC Heap History (6 events):
Event: 0.548 GC heap before
{Heap before GC invocations=0 (full 0):
 garbage-first heap   total 253952K, used 29696K [0x0000000080000000, 0x0000000100000000)
  region size 1024K, 24 young (24576K), 0 survivors (0K)
 Metaspace       used 10150K, capacity 10334K, committed 10624K, reserved 1058816K
  class space    used 1049K, capacity 1107K, committed 1152K, reserved 1048576K
}
Event: 0.552 GC heap after
{Heap after GC invocations=1 (full 0):
 garbage-first heap   total 253952K, used 9562K [0x0000000080000000, 0x0000000100000000)
  region size 1024K, 3 young (3072K), 3 survivors (3072K)
 Metaspace       used 10150K, capacity 10334K, committed 10624K, reserved 1058816K
  class space    used 1049K, capacity 1107K, committed 1152K, reserved 1048576K
}
Event: 2.336 GC heap before
{Heap before GC invocations=1 (full 0):
 garbage-first heap   total 253952K, used 108890K [0x0000000080000000, 0x0000000100000000)
  region size 1024K, 101 young (103424K), 3 survivors (3072K)
 Metaspace       used 20629K, capacity 21097K, committed 21248K, reserved 1067008K
  class space    used 2502K, capacity 2689K, committed 2816K, reserved 1048576K
}
Event: 2.347 GC heap after
{Heap after GC invocations=2 (full 0):
 garbage-first heap   total 253952K, used 16997K [0x0000000080000000, 0x0000000100000000)
  region size 1024K, 11 young (11264K), 11 survivors (11264K)
 Metaspace       used 20629K, capacity 21097K, committed 21248K, reserved 1067008K
  class space    used 2502K, capacity 2689K, committed 2816K, reserved 1048576K
}
Event: 2.538 GC heap before
{Heap before GC invocations=3 (full 0):
 garbage-first heap   total 253952K, used 43621K [0x0000000080000000, 0x0000000100000000)
  region size 1024K, 37 young (37888K), 11 survivors (11264K)
 Metaspace       used 23008K, capacity 23562K, committed 23680K, reserved 1069056K
  class space    used 2917K, capacity 3109K, committed 3200K, reserved 1048576K
}
Event: 2.545 GC heap after
{Heap after GC invocations=4 (full 0):
 garbage-first heap   total 253952K, used 17754K [0x0000000080000000, 0x0000000100000000)
  region size 1024K, 2 young (2048K), 2 survivors (2048K)
 Metaspace       used 23008K, capacity 23562K, committed 23680K, reserved 1069056K
  class space    used 2917K, capacity 3109K, committed 3200K, reserved 1048576K
}

