# JRE version: OpenJDK Runtime Environment (11.0.10) (build 11.0.10+0-b96-7249189)
# Java VM: OpenJDK 64-Bit Server VM (11.0.10+0-b96-7249189, mixed mode, tiered, compressed oops, g1 gc, windows-amd64)
Heap:
 garbage-first heap   total 253952K, used 22070K [0x0000000080000000, 0x0000000100000000)
  region size 1024K, 8 young (8192K), 6 survivors (6144K)
 Metaspace       used 35118K, capacity 35937K, committed 36220K, reserved 1081344K
  class space    used 4542K, capacity 4833K, committed 4864K, reserved 1048576K
GC Heap History (8 events):
Event: 0.542 GC heap before
{Heap before GC invocations=0 (full 0):
 garbage-first heap   total 253952K, used 29696K [0x0000000080000000, 0x0000000100000000)
  region size 1024K, 24 young (24576K), 0 survivors (0K)
 Metaspace       used 10206K, capacity 10398K, committed 10624K, reserved 1058816K
  class space    used 1056K, capacity 1107K, committed 1152K, reserved 1048576K
}
Event: 0.546 GC heap after
{Heap after GC invocations=1 (full 0):
 garbage-first heap   total 253952K, used 9071K [0x0000000080000000, 0x0000000100000000)
  region size 1024K, 3 young (3072K), 3 survivors (3072K)
 Metaspace       used 10206K, capacity 10398K, committed 10624K, reserved 1058816K
  class space    used 1056K, capacity 1107K, committed 1152K, reserved 1048576K
}
Event: 2.097 GC heap before
{Heap before GC invocations=1 (full 0):
 garbage-first heap   total 253952K, used 108399K [0x0000000080000000, 0x0000000100000000)
  region size 1024K, 101 young (103424K), 3 survivors (3072K)
 Metaspace       used 20618K, capacity 21129K, committed 21296K, reserved 1069056K
  class space    used 2497K, capacity 2657K, committed 2688K, reserved 1048576K
}
Event: 2.105 GC heap after
{Heap after GC invocations=2 (full 0):
 garbage-first heap   total 253952K, used 16739K [0x0000000080000000, 0x0000000100000000)
  region size 1024K, 11 young (11264K), 11 survivors (11264K)
 Metaspace       used 20618K, capacity 21129K, committed 21296K, reserved 1069056K
  class space    used 2497K, capacity 2657K, committed 2688K, reserved 1048576K
}
Event: 2.450 GC heap before
{Heap before GC invocations=3 (full 0):
 garbage-first heap   total 253952K, used 58723K [0x0000000080000000, 0x0000000100000000)
  region size 1024K, 53 young (54272K), 11 survivors (11264K)
 Metaspace       used 24855K, capacity 25413K, committed 25648K, reserved 1071104K
  class space    used 3196K, capacity 3387K, committed 3456K, reserved 1048576K
}
Event: 2.457 GC heap after
{Heap after GC invocations=4 (full 0):
 garbage-first heap   total 253952K, used 18558K [0x0000000080000000, 0x0000000100000000)
  region size 1024K, 2 young (2048K), 2 survivors (2048K)
 Metaspace       used 24855K, capacity 25413K, committed 25648K, reserved 1071104K
  class space    used 3196K, capacity 3387K, committed 3456K, reserved 1048576K
}
Event: 3.257 GC heap before
{Heap before GC invocations=4 (full 0):
 garbage-first heap   total 253952K, used 87166K [0x0000000080000000, 0x0000000100000000)
  region size 1024K, 70 young (71680K), 2 survivors (2048K)
 Metaspace       used 34853K, capacity 35617K, committed 35708K, reserved 1081344K
  class space    used 4532K, capacity 4833K, committed 4864K, reserved 1048576K
}
Event: 3.292 GC heap after
{Heap after GC invocations=5 (full 0):
 garbage-first heap   total 253952K, used 22070K [0x0000000080000000, 0x0000000100000000)
  region size 1024K, 6 young (6144K), 6 survivors (6144K)
 Metaspace       used 34853K, capacity 35617K, committed 35708K, reserved 1081344K
  class space    used 4532K, capacity 4833K, committed 4864K, reserved 1048576K
}

