# JRE version: OpenJDK Runtime Environment (11.0.10) (build 11.0.10+0-b96-7249189)
# Java VM: OpenJDK 64-Bit Server VM (11.0.10+0-b96-7249189, mixed mode, tiered, compressed oops, g1 gc, windows-amd64)
Heap:
 garbage-first heap   total 253952K, used 66489K [0x0000000080000000, 0x0000000100000000)
  region size 1024K, 51 young (52224K), 2 survivors (2048K)
 Metaspace       used 27873K, capacity 28568K, committed 28800K, reserved 1075200K
  class space    used 3682K, capacity 3929K, committed 3968K, reserved 1048576K
GC Heap History (6 events):
Event: 0.777 GC heap before
{Heap before GC invocations=0 (full 0):
 garbage-first heap   total 253952K, used 29696K [0x0000000080000000, 0x0000000100000000)
  region size 1024K, 24 young (24576K), 0 survivors (0K)
 Metaspace       used 10150K, capacity 10334K, committed 10624K, reserved 1058816K
  class space    used 1048K, capacity 1107K, committed 1152K, reserved 1048576K
}
Event: 0.782 GC heap after
{Heap after GC invocations=1 (full 0):
 garbage-first heap   total 253952K, used 9049K [0x0000000080000000, 0x0000000100000000)
  region size 1024K, 3 young (3072K), 3 survivors (3072K)
 Metaspace       used 10150K, capacity 10334K, committed 10624K, reserved 1058816K
  class space    used 1048K, capacity 1107K, committed 1152K, reserved 1048576K
}
Event: 2.364 GC heap before
{Heap before GC invocations=1 (full 0):
 garbage-first heap   total 253952K, used 109401K [0x0000000080000000, 0x0000000100000000)
  region size 1024K, 102 young (104448K), 3 survivors (3072K)
 Metaspace       used 20620K, capacity 21097K, committed 21248K, reserved 1067008K
  class space    used 2500K, capacity 2689K, committed 2816K, reserved 1048576K
}
Event: 2.372 GC heap after
{Heap after GC invocations=2 (full 0):
 garbage-first heap   total 253952K, used 16183K [0x0000000080000000, 0x0000000100000000)
  region size 1024K, 10 young (10240K), 10 survivors (10240K)
 Metaspace       used 20620K, capacity 21097K, committed 21248K, reserved 1067008K
  class space    used 2500K, capacity 2689K, committed 2816K, reserved 1048576K
}
Event: 2.547 GC heap before
{Heap before GC invocations=3 (full 0):
 garbage-first heap   total 253952K, used 41783K [0x0000000080000000, 0x0000000100000000)
  region size 1024K, 35 young (35840K), 10 survivors (10240K)
 Metaspace       used 22976K, capacity 23498K, committed 23680K, reserved 1069056K
  class space    used 2910K, capacity 3109K, committed 3200K, reserved 1048576K
}
Event: 2.553 GC heap after
{Heap after GC invocations=4 (full 0):
 garbage-first heap   total 253952K, used 17337K [0x0000000080000000, 0x0000000100000000)
  region size 1024K, 2 young (2048K), 2 survivors (2048K)
 Metaspace       used 22976K, capacity 23498K, committed 23680K, reserved 1069056K
  class space    used 2910K, capacity 3109K, committed 3200K, reserved 1048576K
}

